Vivado Simulator 2019.2
Time resolution is 1 ps
 Block Memory Generator module loading initial data...
 Block Memory Generator data initialization complete.
Block Memory Generator module tb_fc_top_ip.u_fc_top_ip.u_input_ram.inst.native_mem_module.blk_mem_gen_v8_4_4_inst is using a behavioral model for simulation which will not precisely model memory collision behavior.
 Block Memory Generator module loading initial data...
 Block Memory Generator data initialization complete.
Block Memory Generator module tb_fc_top_ip.u_fc_top_ip.u_weight_ram.inst.native_mem_module.blk_mem_gen_v8_4_4_inst is using a behavioral model for simulation which will not precisely model memory collision behavior.
 Block Memory Generator module loading initial data...
 Block Memory Generator data initialization complete.
Block Memory Generator module tb_fc_top_ip.u_fc_top_ip.u_bias_ram.inst.native_mem_module.blk_mem_gen_v8_4_4_inst is using a behavioral model for simulation which will not precisely model memory collision behavior.
 Block Memory Generator module loading initial data...
 Block Memory Generator data initialization complete.
Block Memory Generator module tb_fc_top_ip.u_fc_top_ip.u_weight_ram_fc2.inst.native_mem_module.blk_mem_gen_v8_4_4_inst is using a behavioral model for simulation which will not precisely model memory collision behavior.
 Block Memory Generator module loading initial data...
 Block Memory Generator data initialization complete.
Block Memory Generator module tb_fc_top_ip.u_fc_top_ip.u_bias_ram_fc2.inst.native_mem_module.blk_mem_gen_v8_4_4_inst is using a behavioral model for simulation which will not precisely model memory collision behavior.
 Block Memory Generator module loading initial data...
 Block Memory Generator data initialization complete.
Block Memory Generator module tb_fc_top_ip.u_fc_top_ip.u_weight_ram_fc3.inst.native_mem_module.blk_mem_gen_v8_4_4_inst is using a behavioral model for simulation which will not precisely model memory collision behavior.
 Block Memory Generator module loading initial data...
 Block Memory Generator data initialization complete.
Block Memory Generator module tb_fc_top_ip.u_fc_top_ip.u_bias_ram_fc3.inst.native_mem_module.blk_mem_gen_v8_4_4_inst is using a behavioral model for simulation which will not precisely model memory collision behavior.
Successfully loaded 42 labels from file.
=== FC Top IP Testbench Start ===
Time: 0
Time: 20000 - Reset released
Time: 70000 - Starting FC computation
sample  0: output=(1444462170.00, -1667237270.00), predict=0, lable=0
sample  1: output=(1469232113.00, -1759080871.00), predict=0, lable=0
sample  2: output=(1650508661.00, -1890703041.00), predict=0, lable=0
sample  3: output=(1409944723.00, -1677410995.00), predict=0, lable=0
sample  4: output=(1571991503.00, -1733663938.00), predict=0, lable=0
sample  5: output=(1547618184.00, -1724794426.00), predict=0, lable=0
sample  6: output=(1308728999.00, -1544385753.00), predict=0, lable=0
sample  7: output=(1392416229.00, -1552596206.00), predict=0, lable=0
sample  8: output=(1345813074.00, -1648566711.00), predict=0, lable=0
sample  9: output=(1409120761.00, -1631051596.00), predict=0, lable=0
sample 10: output=(1576111914.00, -1809537786.00), predict=0, lable=0
sample 11: output=(1346501803.00, -1508694447.00), predict=0, lable=0
sample 12: output=(1583276338.00, -1790424102.00), predict=0, lable=0
sample 13: output=(1683771407.00, -1887788497.00), predict=0, lable=0
sample 14: output=(1877090694.00, -2042466030.00), predict=0, lable=0
sample 15: output=(1525498642.00, -1769479691.00), predict=0, lable=0
sample 16: output=(1626618656.00, -1895719745.00), predict=0, lable=0
sample 17: output=(1694024844.00, -1970131098.00), predict=0, lable=0
sample 18: output=(1550032376.00, -1768286505.00), predict=0, lable=0
sample 19: output=(1570204353.00, -1845363423.00), predict=0, lable=0
sample 20: output=(1771824536.00, -1998642230.00), predict=0, lable=0
sample 21: output=(451347619.00, -1115706902.00), predict=0, lable=1
sample 22: output=(-10458527113.00, 7442435501.00), predict=1, lable=1
sample 23: output=(410238560.00, -1099451693.00), predict=0, lable=1
sample 24: output=(-15554165557.00, 7943175678.00), predict=1, lable=1
sample 25: output=(80025872.00, -536427238.00), predict=0, lable=1
sample 26: output=(-13532845588.00, 10603574367.00), predict=1, lable=1
sample 27: output=(-10026571289.00, 4755315291.00), predict=1, lable=1
sample 28: output=(-7697244005.00, 4959812848.00), predict=1, lable=1
sample 29: output=(-16001144512.00, 9076317930.00), predict=1, lable=1
sample 30: output=(-8437074847.00, 5707878559.00), predict=1, lable=1
sample 31: output=(-17379948761.00, 9702209318.00), predict=1, lable=1
sample 32: output=(-6714706417.00, 3603284843.00), predict=1, lable=1
sample 33: output=(-15008700535.00, 8066342833.00), predict=1, lable=1
sample 34: output=(-1976314163.00, 1343936854.00), predict=1, lable=1
sample 35: output=(-11008295357.00, 5650434526.00), predict=1, lable=1
sample 36: output=(-11064766346.00, 6531871314.00), predict=1, lable=1
sample 37: output=(-11386400283.00, 9296874121.00), predict=1, lable=1
sample 38: output=(-16575304408.00, 10143368134.00), predict=1, lable=1
sample 39: output=(-11600235775.00, 7991978642.00), predict=1, lable=1
sample 40: output=(210651055.00, -613166871.00), predict=0, lable=1
sample 41: output=(685760225.00, -1419390016.00), predict=0, lable=1
Time: 249125000 - Captured 42 samples. Calculating accuracy...

currenty: 37/42 = 88.10%
$finish called at time : 249135 ns : File "Y:/Code/github/ASIC-PYNQ/LAB6/sim/test_bench.v" Line 176
