#-----------------------------------------------------------
# Vivado v2019.2 (64-bit)
# SW Build 2708876 on Wed Nov  6 21:40:23 MST 2019
# IP Build 2700528 on Thu Nov  7 00:09:20 MST 2019
# Start of session at: Tue Oct 21 17:21:05 2025
# Process ID: 14224
# Current directory: Y:/Code/github/ASIC-PYNQ/LAB6/prj/LAB5_2019
# Command line: vivado.exe -gui_launcher_event rodinguilauncherevent8820 Y:\Code\github\ASIC-PYNQ\LAB6\prj\LAB5_2019\LAB5_2019.xpr
# Log file: Y:/Code/github/ASIC-PYNQ/LAB6/prj/LAB5_2019/vivado.log
# Journal file: Y:/Code/github/ASIC-PYNQ/LAB6/prj/LAB5_2019\vivado.jou
#-----------------------------------------------------------
start_gui
open_project Y:/Code/github/ASIC-PYNQ/LAB6/prj/LAB5_2019/LAB5_2019.xpr
Scanning sources...
Finished scanning sources
INFO: [IP_Flow 19-234] Refreshing IP repositories
INFO: [IP_Flow 19-1704] No user IP repositories specified
INFO: [IP_Flow 19-2313] Loaded Vivado IP repository 'E:/Xilinx/Vivado/2019.2/data/ip'.
open_project: Time (s): cpu = 00:00:18 ; elapsed = 00:00:18 . Memory (MB): peak = 928.172 ; gain = 185.516
update_compile_order -fileset sources_1
launch_simulation
Command: launch_simulation 
boost::filesystem::remove: 另一个程序正在使用此文件，进程无法访问。: "Y:/Code/github/ASIC-PYNQ/LAB6/prj/LAB5_2019/LAB5_2019.sim/sim_1/behav/xsim/simulate.log"
launch_simulation
Command: launch_simulation 
boost::filesystem::remove: 另一个程序正在使用此文件，进程无法访问。: "Y:/Code/github/ASIC-PYNQ/LAB6/prj/LAB5_2019/LAB5_2019.sim/sim_1/behav/xsim/simulate.log"
exit
