Copyright 1986-2020 Xilinx, Inc. All Rights Reserved.
------------------------------------------------------------------------------------
| Tool Version : Vivado v.2020.2 (win64) Build 3064766 Wed Nov 18 09:12:45 MST 2020
| Date         : Mon Nov 24 15:37:35 2025
| Host         : everlasting running 64-bit major release  (build 9200)
| Command      : upgrade_ip
| Device       : xc7z020clg400-1
------------------------------------------------------------------------------------

Upgrade Log for IP 'design_1_pl_top_fc_0_0'

1. Summary
----------

SUCCESS in the upgrade of design_1_pl_top_fc_0_0 (xilinx.com:user:pl_top_fc:1.0) from (Rev. 2) to (Rev. 3)






Copyright 1986-2020 Xilinx, Inc. All Rights Reserved.
------------------------------------------------------------------------------------
| Tool Version : Vivado v.2020.2 (win64) Build 3064766 Wed Nov 18 09:12:45 MST 2020
| Date         : Mon Nov 24 15:35:05 2025
| Host         : everlasting running 64-bit major release  (build 9200)
| Command      : upgrade_ip
| Device       : xc7z020clg400-1
------------------------------------------------------------------------------------

Upgrade Log for IP 'design_1_pl_top_fc_0_0'

1. Summary
----------

SUCCESS in the conversion of design_1_pl_top_fc_0_0 (xilinx.com:user:pl_top_fc:1.0 (Rev. 2)) to Vivado generation flows.

