#-----------------------------------------------------------
# Vivado v2020.2 (64-bit)
# SW Build 3064766 on Wed Nov 18 09:12:45 MST 2020
# IP Build 3064653 on Wed Nov 18 14:17:31 MST 2020
# Start of session at: Mon Nov 24 10:55:18 2025
# Process ID: 14996
# Current directory: Y:/Code/github/ASIC-PYNQ/LAB8/prj/LAB5_2019
# Command line: vivado.exe -gui_launcher_event rodinguilauncherevent4948 Y:\Code\github\ASIC-PYNQ\LAB8\prj\LAB5_2019\LAB5_2019.xpr
# Log file: Y:/Code/github/ASIC-PYNQ/LAB8/prj/LAB5_2019/vivado.log
# Journal file: Y:/Code/github/ASIC-PYNQ/LAB8/prj/LAB5_2019\vivado.jou
#-----------------------------------------------------------
start_gui
open_project Y:/Code/github/ASIC-PYNQ/LAB8/prj/LAB5_2019/LAB5_2019.xpr
INFO: [Project 1-313] Project file moved from 'E:/asic/prj/LAB5_2019' since last save.
Scanning sources...
Finished scanning sources
INFO: [IP_Flow 19-234] Refreshing IP repositories
INFO: [IP_Flow 19-1700] Loaded user IP repository 'y:/Code/github/ASIC-PYNQ/LAB8/prj/ip_package'.
INFO: [IP_Flow 19-2313] Loaded Vivado IP repository 'E:/Xilinx/Vivado/2020.2/data/ip'.
open_project: Time (s): cpu = 00:00:18 ; elapsed = 00:00:18 . Memory (MB): peak = 1321.777 ; gain = 0.000
update_compile_order -fileset sources_1
exit
INFO: [Common 17-206] Exiting Vivado at Mon Nov 24 10:56:47 2025...
